#
# A fatal error has been detected by the Java Runtime Environment:
#
#  EXCEPTION_ACCESS_VIOLATION (0xc0000005) at pc=0x0000000061bdeea6, pid=4124, tid=4340
#
# JRE version: Java(TM) SE Runtime Environment (7.0_60-b19) (build 1.7.0_60-b19)
# Java VM: Java HotSpot(TM) 64-Bit Server VM (24.60-b09 mixed mode windows-amd64 compressed oops)
# Problematic frame:
# V  [jvm.dll+0x3eeea6]
#
# Failed to write core dump. Minidumps are not enabled by default on client versions of Windows
#
# If you would like to submit a bug report, please visit:
#   http://bugreport.sun.com/bugreport/crash.jsp
#

---------------  T H R E A D  ---------------

Current thread (0x0000000008285000):  JavaThread "C2 CompilerThread1" daemon [_thread_in_native, id=4340, stack(0x0000000009df0000,0x0000000009ef0000)]

siginfo: ExceptionCode=0xc0000005, reading address 0x0000000032959570

Registers:
RAX=0x000000000a1deab0, RBX=0x000000000a1dedd0, RCX=0x000000000a1deab0, RDX=0x000000000a1deab0
RSP=0x0000000009eec820, RBP=0x000000000000000b, RSI=0x000000000a1ded70, RDI=0x000000000a1dec70
R8 =0x0000000000000017, R9 =0x000000000a1deab0, R10=0x000000000a510e58, R11=0x000000000a1dea20
R12=0x000000000000000b, R13=0x000000000a511498, R14=0x0000000009eec8f0, R15=0x000000000a1d79e0
RIP=0x0000000061bdeea6, EFLAGS=0x0000000000010216

Top of Stack: (sp=0x0000000009eec820)
0x0000000009eec820:   000000000a1dedd0 000000000a1deda0
0x0000000009eec830:   000000000000001a 000000000a1d79e0
0x0000000009eec840:   ffffffffffffff2f 000000000000001a
0x0000000009eec850:   0000000009eec8f0 0000000061bdf723
0x0000000009eec860:   0000000000000068 000000000a1dea20
0x0000000009eec870:   000000000000001a 0000000008271a10
0x0000000009eec880:   0000000009eef424 0000000061d4efe8
0x0000000009eec890:   0000000009eeecf0 0000000008248ee8
0x0000000009eec8a0:   0000000000000000 0000000000000001
0x0000000009eec8b0:   0000000009eec9c0 0000000061bfac80
0x0000000009eec8c0:   0000000000010388 000000000a1de780
0x0000000009eec8d0:   000000000a1df9c8 0000000009eeecf0
0x0000000009eec8e0:   0000000000000000 0000000000000000
0x0000000009eec8f0:   0000000000000007 0000000009eeecf0
0x0000000009eec900:   0000000009eec960 000000000a1de9f0
0x0000000009eec910:   000000000a1de780 000000000a1de850 

Instructions: (pc=0x0000000061bdeea6)
0x0000000061bdee86:   00 00 e9 f3 00 00 00 45 8b 45 4c 4d 8b 5e 38 4d
0x0000000061bdee96:   8b 4b 08 43 8b 14 81 41 3b d0 74 31 8b ca 8b c2
0x0000000061bdeea6:   41 8b 14 81 3b d1 75 f4 44 3b c2 74 20 66 66 66
0x0000000061bdeeb6:   66 66 0f 1f 84 00 00 00 00 00 49 8b 43 08 41 8b 


Register to memory mapping:

RAX=0x000000000a1deab0 is an unknown value
RBX=0x000000000a1dedd0 is an unknown value
RCX=0x000000000a1deab0 is an unknown value
RDX=0x000000000a1deab0 is an unknown value
RSP=0x0000000009eec820 is pointing into the stack for thread: 0x0000000008285000
RBP=0x000000000000000b is an unknown value
RSI=0x000000000a1ded70 is an unknown value
RDI=0x000000000a1dec70 is an unknown value
R8 =0x0000000000000017 is an unknown value
R9 =0x000000000a1deab0 is an unknown value
R10=0x000000000a510e58 is an unknown value
R11=0x000000000a1dea20 is an unknown value
R12=0x000000000000000b is an unknown value
R13=0x000000000a511498 is an unknown value
R14=0x0000000009eec8f0 is pointing into the stack for thread: 0x0000000008285000
R15=0x000000000a1d79e0 is an unknown value


Stack: [0x0000000009df0000,0x0000000009ef0000],  sp=0x0000000009eec820,  free space=1010k
Native frames: (J=compiled Java code, j=interpreted, Vv=VM code, C=native code)
V  [jvm.dll+0x3eeea6]


Current CompileTask:
C2:   3699   92             java.util.Arrays::copyOf (19 bytes)


---------------  P R O C E S S  ---------------

Java Threads: ( => current thread )
  0x0000000008288800 JavaThread "Service Thread" daemon [_thread_blocked, id=4080, stack(0x00000000097c0000,0x00000000098c0000)]
=>0x0000000008285000 JavaThread "C2 CompilerThread1" daemon [_thread_in_native, id=4340, stack(0x0000000009df0000,0x0000000009ef0000)]
  0x0000000008272000 JavaThread "C2 CompilerThread0" daemon [_thread_blocked, id=2392, stack(0x0000000009ca0000,0x0000000009da0000)]
  0x0000000008266800 JavaThread "JDWP Command Reader" daemon [_thread_in_native, id=2680, stack(0x0000000009b50000,0x0000000009c50000)]
  0x0000000008261800 JavaThread "JDWP Event Helper Thread" daemon [_thread_blocked, id=3384, stack(0x0000000009910000,0x0000000009a10000)]
  0x0000000008259800 JavaThread "JDWP Transport Listener: dt_socket" daemon [_thread_blocked, id=6028, stack(0x00000000096b0000,0x00000000097b0000)]
  0x000000000824a000 JavaThread "Attach Listener" daemon [_thread_blocked, id=2140, stack(0x0000000009140000,0x0000000009240000)]
  0x0000000008249000 JavaThread "Signal Dispatcher" daemon [_thread_blocked, id=996, stack(0x0000000009030000,0x0000000009130000)]
  0x00000000081da000 JavaThread "Finalizer" daemon [_thread_blocked, id=5388, stack(0x0000000008f20000,0x0000000009020000)]
  0x000000000235d000 JavaThread "Reference Handler" daemon [_thread_blocked, id=4768, stack(0x0000000008e20000,0x0000000008f20000)]
  0x000000000225f000 JavaThread "main" [_thread_in_vm, id=4728, stack(0x00000000024e0000,0x00000000025e0000)]

Other Threads:
  0x00000000081d2800 VMThread [stack: 0x0000000008c10000,0x0000000008d10000] [id=5932]
  0x0000000008294800 WatcherThread [stack: 0x0000000009fc0000,0x000000000a0c0000] [id=5660]

VM state:not at safepoint (normal execution)

VM Mutex/Monitor currently owned by a thread: None

Heap
 PSYoungGen      total 19456K, used 19054K [0x00000000ead00000, 0x00000000ec280000, 0x0000000100000000)
  eden space 16896K, 97% used [0x00000000ead00000,0x00000000ebd20768,0x00000000ebd80000)
  from space 2560K, 99% used [0x00000000ebd80000,0x00000000ebffb148,0x00000000ec000000)
  to   space 2560K, 0% used [0x00000000ec000000,0x00000000ec000000,0x00000000ec280000)
 ParOldGen       total 43008K, used 1184K [0x00000000c0800000, 0x00000000c3200000, 0x00000000ead00000)
  object space 43008K, 2% used [0x00000000c0800000,0x00000000c09283e8,0x00000000c3200000)
 PSPermGen       total 21504K, used 12981K [0x00000000bb600000, 0x00000000bcb00000, 0x00000000c0800000)
  object space 21504K, 60% used [0x00000000bb600000,0x00000000bc2ad6e8,0x00000000bcb00000)

Card table byte_map: [0x00000000055e0000,0x0000000005810000] byte_map_base: 0x0000000005005000

Polling page: 0x0000000000210000

Code Cache  [0x00000000025e0000, 0x0000000002850000, 0x00000000055e0000)
 total_blobs=422 nmethods=91 adapters=292 free_code_cache=48457Kb largest_free_block=49600256

Compilation events (10 events):
Event: 3.494 Thread 0x0000000008272000 nmethod 87 0x0000000002683d10 code [0x0000000002683ee0, 0x00000000026847e0]
Event: 3.515 Thread 0x0000000008285000   88             java.util.Properties::load0 (250 bytes)
Event: 3.546 Thread 0x0000000008285000 nmethod 88 0x000000000268fe90 code [0x0000000002690060, 0x0000000002691b40]
Event: 3.575 Thread 0x0000000008272000   89 %           com.mysql.jdbc.SingleByteCharsetConverter::<clinit> @ 58 (80 bytes)
Event: 3.578 Thread 0x0000000008272000 nmethod 89% 0x000000000268ed10 code [0x000000000268ee80, 0x000000000268eff8]
Event: 3.596 Thread 0x0000000008285000   90             java.lang.String::indexOf (25 bytes)
Event: 3.597 Thread 0x0000000008285000 nmethod 90 0x000000000268f290 code [0x000000000268f3e0, 0x000000000268f548]
Event: 3.625 Thread 0x0000000008272000   91             java.lang.String::toCharArray (25 bytes)
Event: 3.626 Thread 0x0000000008272000 nmethod 91 0x000000000268cdd0 code [0x000000000268cf20, 0x000000000268d078]
Event: 3.690 Thread 0x0000000008285000   92             java.util.Arrays::copyOf (19 bytes)

GC Heap History (2 events):
Event: 2.918 GC heap before
{Heap before GC invocations=1 (full 0):
 PSYoungGen      total 19456K, used 16896K [0x00000000ead00000, 0x00000000ec280000, 0x0000000100000000)
  eden space 16896K, 100% used [0x00000000ead00000,0x00000000ebd80000,0x00000000ebd80000)
  from space 2560K, 0% used [0x00000000ec000000,0x00000000ec000000,0x00000000ec280000)
  to   space 2560K, 0% used [0x00000000ebd80000,0x00000000ebd80000,0x00000000ec000000)
 ParOldGen       total 43008K, used 0K [0x00000000c0800000, 0x00000000c3200000, 0x00000000ead00000)
  object space 43008K, 0% used [0x00000000c0800000,0x00000000c0800000,0x00000000c3200000)
 PSPermGen       total 21504K, used 8127K [0x00000000bb600000, 0x00000000bcb00000, 0x00000000c0800000)
  object space 21504K, 37% used [0x00000000bb600000,0x00000000bbdefec8,0x00000000bcb00000)
Event: 2.927 GC heap after
Heap after GC invocations=1 (full 0):
 PSYoungGen      total 19456K, used 2540K [0x00000000ead00000, 0x00000000ec280000, 0x0000000100000000)
  eden space 16896K, 0% used [0x00000000ead00000,0x00000000ead00000,0x00000000ebd80000)
  from space 2560K, 99% used [0x00000000ebd80000,0x00000000ebffb148,0x00000000ec000000)
  to   space 2560K, 0% used [0x00000000ec000000,0x00000000ec000000,0x00000000ec280000)
 ParOldGen       total 43008K, used 1184K [0x00000000c0800000, 0x00000000c3200000, 0x00000000ead00000)
  object space 43008K, 2% used [0x00000000c0800000,0x00000000c09283e8,0x00000000c3200000)
 PSPermGen       total 21504K, used 8127K [0x00000000bb600000, 0x00000000bcb00000, 0x00000000c0800000)
  object space 21504K, 37% used [0x00000000bb600000,0x00000000bbdefec8,0x00000000bcb00000)
}

Deoptimization events (10 events):
Event: 3.452 Thread 0x000000000225f000 Uncommon trap: reason=class_check action=maybe_recompile pc=0x0000000002656f24 method=java.util.Collections$UnmodifiableCollection$1.next()Ljava/lang/Object; @ 4
Event: 3.452 Thread 0x000000000225f000 Uncommon trap: reason=class_check action=maybe_recompile pc=0x00000000026543d4 method=java.util.Collections$UnmodifiableCollection$1.hasNext()Z @ 4
Event: 3.452 Thread 0x000000000225f000 Uncommon trap: reason=class_check action=maybe_recompile pc=0x0000000002656f24 method=java.util.Collections$UnmodifiableCollection$1.next()Ljava/lang/Object; @ 4
Event: 3.452 Thread 0x000000000225f000 Uncommon trap: reason=unreached action=reinterpret pc=0x0000000002675df8 method=java.util.HashMap.put(Ljava/lang/Object;Ljava/lang/Object;)Ljava/lang/Object; @ 77
Event: 3.452 Thread 0x000000000225f000 Uncommon trap: reason=class_check action=maybe_recompile pc=0x00000000026543d4 method=java.util.Collections$UnmodifiableCollection$1.hasNext()Z @ 4
Event: 3.452 Thread 0x000000000225f000 Uncommon trap: reason=class_check action=maybe_recompile pc=0x0000000002656f24 method=java.util.Collections$UnmodifiableCollection$1.next()Ljava/lang/Object; @ 4
Event: 3.623 Thread 0x000000000225f000 Uncommon trap: reason=class_check action=maybe_recompile pc=0x0000000002684674 method=java.util.TreeMap.put(Ljava/lang/Object;Ljava/lang/Object;)Ljava/lang/Object; @ 127
Event: 3.623 Thread 0x000000000225f000 Uncommon trap: reason=class_check action=maybe_recompile pc=0x0000000002684674 method=java.util.TreeMap.put(Ljava/lang/Object;Ljava/lang/Object;)Ljava/lang/Object; @ 127
Event: 3.623 Thread 0x000000000225f000 Uncommon trap: reason=class_check action=maybe_recompile pc=0x0000000002684674 method=java.util.TreeMap.put(Ljava/lang/Object;Ljava/lang/Object;)Ljava/lang/Object; @ 127
Event: 3.623 Thread 0x000000000225f000 Uncommon trap: reason=class_check action=maybe_recompile pc=0x0000000002684674 method=java.util.TreeMap.put(Ljava/lang/Object;Ljava/lang/Object;)Ljava/lang/Object; @ 127

Internal exceptions (10 events):
Event: 3.629 Thread 0x000000000225f000 Threw 0x00000000ebc26d98 at C:\re\jdk7u60\1081\hotspot\src\share\vm\prims\jvm.cpp:1244
Event: 3.630 Thread 0x000000000225f000 Threw 0x00000000ebc2ca08 at C:\re\jdk7u60\1081\hotspot\src\share\vm\prims\jvm.cpp:1244
Event: 3.631 Thread 0x000000000225f000 Threw 0x00000000ebc314c8 at C:\re\jdk7u60\1081\hotspot\src\share\vm\prims\jvm.cpp:1244
Event: 3.632 Thread 0x000000000225f000 Threw 0x00000000ebc36730 at C:\re\jdk7u60\1081\hotspot\src\share\vm\prims\jvm.cpp:1244
Event: 3.682 Thread 0x000000000225f000 Threw 0x00000000ebc5c478 at C:\re\jdk7u60\1081\hotspot\src\share\vm\prims\jvm.cpp:1244
Event: 3.682 Thread 0x000000000225f000 Threw 0x00000000ebc61e78 at C:\re\jdk7u60\1081\hotspot\src\share\vm\prims\jvm.cpp:1244
Event: 3.683 Thread 0x000000000225f000 Threw 0x00000000ebc6c518 at C:\re\jdk7u60\1081\hotspot\src\share\vm\prims\jvm.cpp:1244
Event: 3.686 Thread 0x000000000225f000 Threw 0x00000000ebc8d878 at C:\re\jdk7u60\1081\hotspot\src\share\vm\prims\jvm.cpp:1244
Event: 3.688 Thread 0x000000000225f000 Threw 0x00000000ebc96f80 at C:\re\jdk7u60\1081\hotspot\src\share\vm\prims\jvm.cpp:1244
Event: 3.690 Thread 0x000000000225f000 Threw 0x00000000ebca0df0 at C:\re\jdk7u60\1081\hotspot\src\share\vm\prims\jvm.cpp:1244

Events (10 events):
Event: 3.683 loading class 0x000000000a663110
Event: 3.683 loading class 0x000000000a663110 done
Event: 3.686 loading class 0x000000000a638af0
Event: 3.686 loading class 0x000000000a638af0 done
Event: 3.688 loading class 0x00000000022eee30
Event: 3.688 loading class 0x00000000022eee30 done
Event: 3.688 loading class 0x000000000a3baca0
Event: 3.688 loading class 0x000000000a3baca0 done
Event: 3.690 loading class 0x000000000a596270
Event: 3.690 loading class 0x000000000a596270 done


Dynamic libraries:
0x000000013f900000 - 0x000000013f933000 	C:\Java\jdk1.7.0_60\bin\javaw.exe
0x0000000077c20000 - 0x0000000077dc9000 	C:\Windows\SYSTEM32\ntdll.dll
0x0000000077680000 - 0x000000007779f000 	C:\Windows\system32\kernel32.dll
0x000007fefe3a0000 - 0x000007fefe40c000 	C:\Windows\system32\KERNELBASE.dll
0x000007feffdb0000 - 0x000007feffe8b000 	C:\Windows\system32\ADVAPI32.dll
0x000007fefeb70000 - 0x000007fefec0f000 	C:\Windows\system32\msvcrt.dll
0x000007fefe460000 - 0x000007fefe47f000 	C:\Windows\SYSTEM32\sechost.dll
0x000007feffc80000 - 0x000007feffdad000 	C:\Windows\system32\RPCRT4.dll
0x00000000777a0000 - 0x000000007789a000 	C:\Windows\system32\USER32.dll
0x000007fefeb00000 - 0x000007fefeb67000 	C:\Windows\system32\GDI32.dll
0x000007fefe480000 - 0x000007fefe48e000 	C:\Windows\system32\LPK.dll
0x000007fefe530000 - 0x000007fefe5f9000 	C:\Windows\system32\USP10.dll
0x000007fefcaa0000 - 0x000007fefcc94000 	C:\Windows\WinSxS\amd64_microsoft.windows.common-controls_6595b64144ccf1df_6.0.7601.17514_none_fa396087175ac9ac\COMCTL32.dll
0x000007fefe490000 - 0x000007fefe501000 	C:\Windows\system32\SHLWAPI.dll
0x000007feffbd0000 - 0x000007feffbfe000 	C:\Windows\system32\IMM32.DLL
0x000007fefe810000 - 0x000007fefe919000 	C:\Windows\system32\MSCTF.dll
0x0000000063630000 - 0x0000000063702000 	C:\Java\jdk1.7.0_60\jre\bin\msvcr100.dll
0x00000000617f0000 - 0x0000000061fc2000 	C:\Java\jdk1.7.0_60\jre\bin\server\jvm.dll
0x000007fefca80000 - 0x000007fefca89000 	C:\Windows\system32\WSOCK32.dll
0x000007feffa00000 - 0x000007feffa4d000 	C:\Windows\system32\WS2_32.dll
0x000007fefe450000 - 0x000007fefe458000 	C:\Windows\system32\NSI.dll
0x000007fef9180000 - 0x000007fef91bb000 	C:\Windows\system32\WINMM.dll
0x0000000077de0000 - 0x0000000077de7000 	C:\Windows\system32\PSAPI.DLL
0x0000000066e80000 - 0x0000000066e8f000 	C:\Java\jdk1.7.0_60\jre\bin\verify.dll
0x0000000064260000 - 0x0000000064288000 	C:\Java\jdk1.7.0_60\jre\bin\java.dll
0x0000000064030000 - 0x0000000064065000 	C:\Java\jdk1.7.0_60\jre\bin\jdwp.dll
0x0000000063d60000 - 0x0000000063d68000 	C:\Java\jdk1.7.0_60\jre\bin\npt.dll
0x0000000065970000 - 0x0000000065985000 	C:\Java\jdk1.7.0_60\jre\bin\zip.dll
0x0000000063d50000 - 0x0000000063d59000 	C:\Java\jdk1.7.0_60\jre\bin\dt_socket.dll
0x000007fefc130000 - 0x000007fefc145000 	C:\Windows\system32\NLAapi.dll
0x000007fef66d0000 - 0x000007fef66e5000 	C:\Windows\system32\napinsp.dll
0x000007fef66b0000 - 0x000007fef66c9000 	C:\Windows\system32\pnrpnsp.dll
0x000007fefd8b0000 - 0x000007fefd905000 	C:\Windows\System32\mswsock.dll
0x000007fefd730000 - 0x000007fefd78b000 	C:\Windows\system32\DNSAPI.dll
0x000007fef66a0000 - 0x000007fef66ab000 	C:\Windows\System32\winrnr.dll
0x000007fefbfb0000 - 0x000007fefbfd7000 	C:\Windows\system32\IPHLPAPI.DLL
0x000007fefbe10000 - 0x000007fefbe1b000 	C:\Windows\system32\WINNSI.DLL
0x000007fefba40000 - 0x000007fefba93000 	C:\Windows\System32\fwpuclnt.dll
0x000007fef81f0000 - 0x000007fef81f8000 	C:\Windows\system32\rasadhlp.dll
0x000007fefd2b0000 - 0x000007fefd2b7000 	C:\Windows\System32\wshtcpip.dll
0x0000000065950000 - 0x0000000065969000 	C:\Java\jdk1.7.0_60\jre\bin\net.dll
0x000007fefd8a0000 - 0x000007fefd8a7000 	C:\Windows\System32\wship6.dll
0x0000000064240000 - 0x0000000064251000 	C:\Java\jdk1.7.0_60\jre\bin\nio.dll
0x000007fef2f80000 - 0x000007fef30a5000 	C:\Windows\system32\dbghelp.dll

VM Arguments:
jvm_args: -agentlib:jdwp=transport=dt_socket,suspend=y,address=localhost:61851 -Dfile.encoding=UTF-8 
java_command: com.atom.dalgen.test.DalgenUseMain
Launcher Type: SUN_STANDARD

Environment Variables:
JAVA_HOME=C:\Java\jdk1.7.0_60
PATH=C:\Java\jdk1.7.0_60\jre\bin;C:/Java/jdk1.7.0_60/bin/../jre/bin/server;C:/Java/jdk1.7.0_60/bin/../jre/bin;C:/Java/jdk1.7.0_60/bin/../jre/lib/amd64;C:\Program Files (x86)\Common Files\NetSarang;C:\Windows\system32;C:\Windows;C:\Windows\System32\Wbem;C:\Windows\System32\WindowsPowerShell\v1.0\;C:\Java\jdk1.7.0_60\bin;D:\tools\apache-ant-1.9.4\bin;D:\tools\apache-maven-3.1.1\bin;C:\Program Files\TortoiseSVN\bin;D:\eclipse;
USERNAME=Administrator
OS=Windows_NT
PROCESSOR_IDENTIFIER=Intel64 Family 6 Model 23 Stepping 10, GenuineIntel



---------------  S Y S T E M  ---------------

OS: Windows 7 , 64 bit Build 7601 Service Pack 1

CPU:total 2 (2 cores per cpu, 1 threads per core) family 6 model 23 stepping 10, cmov, cx8, fxsr, mmx, sse, sse2, sse3, ssse3, tsc

Memory: 4k page, physical 4157944k(1224804k free), swap 8314024k(4335532k free)

vm_info: Java HotSpot(TM) 64-Bit Server VM (24.60-b09) for windows-amd64 JRE (1.7.0_60-b19), built on May  7 2014 12:55:18 by "java_re" with unknown MS VC++:1600

time: Mon Nov 10 13:36:22 2014
elapsed time: 3 seconds

