#
# A fatal error has been detected by the Java Runtime Environment:
#
#  Internal Error (os_windows_x86.cpp:143), pid=2352, tid=2328
#  guarantee(result == EXCEPTION_CONTINUE_EXECUTION) failed: Unexpected result from topLevelExceptionFilter
#
# JRE version: Java(TM) SE Runtime Environment (7.0_60-b19) (build 1.7.0_60-b19)
# Java VM: Java HotSpot(TM) 64-Bit Server VM (24.60-b09 mixed mode windows-amd64 compressed oops)
# Failed to write core dump. Minidumps are not enabled by default on client versions of Windows
#
# If you would like to submit a bug report, please visit:
#   http://bugreport.sun.com/bugreport/crash.jsp
#

---------------  T H R E A D  ---------------

Current thread (0x000000000016f000):  JavaThread "main" [_thread_in_Java, id=2328, stack(0x00000000022e0000,0x00000000023e0000)]

Stack: [0x00000000022e0000,0x00000000023e0000]
[error occurred during error reporting (printing stack bounds), id 0xc0000005]


[error occurred during error reporting (printing native stack), id 0xc0000005]


---------------  P R O C E S S  ---------------

Java Threads: ( => current thread )
  0x000000000834a800 JavaThread "Service Thread" daemon [_thread_blocked, id=612, stack(0x000000000a0a0000,0x000000000a1a0000)]
  0x0000000008347000 JavaThread "C2 CompilerThread1" daemon [_thread_blocked, id=4852, stack(0x0000000009ea0000,0x0000000009fa0000)]
  0x0000000008332000 JavaThread "C2 CompilerThread0" daemon [_thread_blocked, id=5744, stack(0x0000000009640000,0x0000000009740000)]
  0x0000000008326800 JavaThread "JDWP Command Reader" daemon [_thread_in_native, id=2540, stack(0x0000000009c60000,0x0000000009d60000)]
  0x0000000008321800 JavaThread "JDWP Event Helper Thread" daemon [_thread_blocked, id=5616, stack(0x0000000009ab0000,0x0000000009bb0000)]
  0x0000000008319800 JavaThread "JDWP Transport Listener: dt_socket" daemon [_thread_blocked, id=5272, stack(0x0000000009820000,0x0000000009920000)]
  0x0000000008310800 JavaThread "Attach Listener" daemon [_thread_blocked, id=6088, stack(0x0000000009340000,0x0000000009440000)]
  0x000000000830f000 JavaThread "Signal Dispatcher" daemon [_thread_blocked, id=4504, stack(0x0000000009230000,0x0000000009330000)]
  0x000000000829a000 JavaThread "Finalizer" daemon [_thread_blocked, id=1784, stack(0x0000000009060000,0x0000000009160000)]
  0x000000000229d000 JavaThread "Reference Handler" daemon [_thread_blocked, id=5508, stack(0x0000000008f60000,0x0000000009060000)]
=>0x000000000016f000 JavaThread "main" [_thread_in_Java, id=2328, stack(0x00000000022e0000,0x00000000023e0000)]

Other Threads:
  0x0000000008292800 VMThread [stack: 0x0000000008c90000,0x0000000008d90000] [id=3592]
  0x0000000008354800 WatcherThread [stack: 0x000000000a1d0000,0x000000000a2d0000] [id=5780]

VM state:not at safepoint (normal execution)

VM Mutex/Monitor currently owned by a thread: None

Heap
 PSYoungGen      total 19456K, used 8692K [0x00000000ead00000, 0x00000000ed300000, 0x0000000100000000)
  eden space 16896K, 36% used [0x00000000ead00000,0x00000000eb2fefe8,0x00000000ebd80000)
  from space 2560K, 99% used [0x00000000ebd80000,0x00000000ebffe070,0x00000000ec000000)
  to   space 2560K, 0% used [0x00000000ed080000,0x00000000ed080000,0x00000000ed300000)
 ParOldGen       total 43008K, used 4843K [0x00000000c0800000, 0x00000000c3200000, 0x00000000ead00000)
  object space 43008K, 11% used [0x00000000c0800000,0x00000000c0cbaf50,0x00000000c3200000)
 PSPermGen       total 21504K, used 14650K [0x00000000bb600000, 0x00000000bcb00000, 0x00000000c0800000)
  object space 21504K, 68% used [0x00000000bb600000,0x00000000bc44ea28,0x00000000bcb00000)

Card table byte_map: [0x00000000054a0000,0x00000000056d0000] byte_map_base: 0x0000000004ec5000

Polling page: 0x0000000000110000

Code Cache  [0x00000000023e0000, 0x0000000002650000, 0x00000000053e0000)
 total_blobs=521 nmethods=182 adapters=300 free_code_cache=48222Kb largest_free_block=49344896

Compilation events (10 events):
Event: 11.504 Thread 0x0000000008332000 nmethod 177 0x00000000024c3590 code [0x00000000024c3740, 0x00000000024c44d0]
Event: 11.510 Thread 0x0000000008347000 nmethod 178% 0x00000000024c7c10 code [0x00000000024c7e20, 0x00000000024c8ec0]
Event: 11.522 Thread 0x0000000008332000  179             sun.nio.cs.UTF_8$Decoder::decodeArrayLoop (543 bytes)
Event: 11.538 Thread 0x0000000008332000 nmethod 179 0x00000000024cc590 code [0x00000000024cc7a0, 0x00000000024cd318]
Event: 11.558 Thread 0x0000000008347000  180             java.util.ArrayList::ensureCapacityInternal (23 bytes)
Event: 11.558 Thread 0x0000000008332000  181             java.util.ArrayList::ensureExplicitCapacity (26 bytes)
Event: 11.560 Thread 0x0000000008332000 nmethod 181 0x00000000024c2f50 code [0x00000000024c30a0, 0x00000000024c3348]
Event: 11.560 Thread 0x0000000008347000 nmethod 180 0x00000000024ca410 code [0x00000000024ca560, 0x00000000024ca888]
Event: 11.561 Thread 0x0000000008332000  182             java.util.ArrayList::add (29 bytes)
Event: 11.565 Thread 0x0000000008332000 nmethod 182 0x00000000024cead0 code [0x00000000024cec20, 0x00000000024cf008]

GC Heap History (6 events):
Event: 8.621 GC heap before
{Heap before GC invocations=1 (full 0):
 PSYoungGen      total 19456K, used 16896K [0x00000000ead00000, 0x00000000ec280000, 0x0000000100000000)
  eden space 16896K, 100% used [0x00000000ead00000,0x00000000ebd80000,0x00000000ebd80000)
  from space 2560K, 0% used [0x00000000ec000000,0x00000000ec000000,0x00000000ec280000)
  to   space 2560K, 0% used [0x00000000ebd80000,0x00000000ebd80000,0x00000000ec000000)
 ParOldGen       total 43008K, used 0K [0x00000000c0800000, 0x00000000c3200000, 0x00000000ead00000)
  object space 43008K, 0% used [0x00000000c0800000,0x00000000c0800000,0x00000000c3200000)
 PSPermGen       total 21504K, used 8081K [0x00000000bb600000, 0x00000000bcb00000, 0x00000000c0800000)
  object space 21504K, 37% used [0x00000000bb600000,0x00000000bbde45a8,0x00000000bcb00000)
Event: 8.637 GC heap after
Heap after GC invocations=1 (full 0):
 PSYoungGen      total 19456K, used 2554K [0x00000000ead00000, 0x00000000ec280000, 0x0000000100000000)
  eden space 16896K, 0% used [0x00000000ead00000,0x00000000ead00000,0x00000000ebd80000)
  from space 2560K, 99% used [0x00000000ebd80000,0x00000000ebffe8a8,0x00000000ec000000)
  to   space 2560K, 0% used [0x00000000ec000000,0x00000000ec000000,0x00000000ec280000)
 ParOldGen       total 43008K, used 1193K [0x00000000c0800000, 0x00000000c3200000, 0x00000000ead00000)
  object space 43008K, 2% used [0x00000000c0800000,0x00000000c092a708,0x00000000c3200000)
 PSPermGen       total 21504K, used 8081K [0x00000000bb600000, 0x00000000bcb00000, 0x00000000c0800000)
  object space 21504K, 37% used [0x00000000bb600000,0x00000000bbde45a8,0x00000000bcb00000)
}
Event: 9.717 GC heap before
{Heap before GC invocations=2 (full 0):
 PSYoungGen      total 19456K, used 19450K [0x00000000ead00000, 0x00000000ec280000, 0x0000000100000000)
  eden space 16896K, 100% used [0x00000000ead00000,0x00000000ebd80000,0x00000000ebd80000)
  from space 2560K, 99% used [0x00000000ebd80000,0x00000000ebffe8a8,0x00000000ec000000)
  to   space 2560K, 0% used [0x00000000ec000000,0x00000000ec000000,0x00000000ec280000)
 ParOldGen       total 43008K, used 1193K [0x00000000c0800000, 0x00000000c3200000, 0x00000000ead00000)
  object space 43008K, 2% used [0x00000000c0800000,0x00000000c092a708,0x00000000c3200000)
 PSPermGen       total 21504K, used 13025K [0x00000000bb600000, 0x00000000bcb00000, 0x00000000c0800000)
  object space 21504K, 60% used [0x00000000bb600000,0x00000000bc2b87d8,0x00000000bcb00000)
Event: 9.732 GC heap after
Heap after GC invocations=2 (full 0):
 PSYoungGen      total 19456K, used 2536K [0x00000000ead00000, 0x00000000ec280000, 0x0000000100000000)
  eden space 16896K, 0% used [0x00000000ead00000,0x00000000ead00000,0x00000000ebd80000)
  from space 2560K, 99% used [0x00000000ec000000,0x00000000ec27a0a0,0x00000000ec280000)
  to   space 2560K, 0% used [0x00000000ebd80000,0x00000000ebd80000,0x00000000ec000000)
 ParOldGen       total 43008K, used 3567K [0x00000000c0800000, 0x00000000c3200000, 0x00000000ead00000)
  object space 43008K, 8% used [0x00000000c0800000,0x00000000c0b7bf70,0x00000000c3200000)
 PSPermGen       total 21504K, used 13025K [0x00000000bb600000, 0x00000000bcb00000, 0x00000000c0800000)
  object space 21504K, 60% used [0x00000000bb600000,0x00000000bc2b87d8,0x00000000bcb00000)
}
Event: 11.128 GC heap before
{Heap before GC invocations=3 (full 0):
 PSYoungGen      total 19456K, used 19432K [0x00000000ead00000, 0x00000000ec280000, 0x0000000100000000)
  eden space 16896K, 100% used [0x00000000ead00000,0x00000000ebd80000,0x00000000ebd80000)
  from space 2560K, 99% used [0x00000000ec000000,0x00000000ec27a0a0,0x00000000ec280000)
  to   space 2560K, 0% used [0x00000000ebd80000,0x00000000ebd80000,0x00000000ec000000)
 ParOldGen       total 43008K, used 3567K [0x00000000c0800000, 0x00000000c3200000, 0x00000000ead00000)
  object space 43008K, 8% used [0x00000000c0800000,0x00000000c0b7bf70,0x00000000c3200000)
 PSPermGen       total 21504K, used 14159K [0x00000000bb600000, 0x00000000bcb00000, 0x00000000c0800000)
  object space 21504K, 65% used [0x00000000bb600000,0x00000000bc3d3cc8,0x00000000bcb00000)
Event: 11.175 GC heap after
Heap after GC invocations=3 (full 0):
 PSYoungGen      total 19456K, used 2552K [0x00000000ead00000, 0x00000000ed300000, 0x0000000100000000)
  eden space 16896K, 0% used [0x00000000ead00000,0x00000000ead00000,0x00000000ebd80000)
  from space 2560K, 99% used [0x00000000ebd80000,0x00000000ebffe070,0x00000000ec000000)
  to   space 2560K, 0% used [0x00000000ed080000,0x00000000ed080000,0x00000000ed300000)
 ParOldGen       total 43008K, used 4843K [0x00000000c0800000, 0x00000000c3200000, 0x00000000ead00000)
  object space 43008K, 11% used [0x00000000c0800000,0x00000000c0cbaf50,0x00000000c3200000)
 PSPermGen       total 21504K, used 14159K [0x00000000bb600000, 0x00000000bcb00000, 0x00000000c0800000)
  object space 21504K, 65% used [0x00000000bb600000,0x00000000bc3d3cc8,0x00000000bcb00000)
}

Deoptimization events (10 events):
Event: 9.389 Thread 0x000000000016f000 Uncommon trap: reason=class_check action=maybe_recompile pc=0x000000000245dc24 method=java.util.Collections$UnmodifiableCollection$1.next()Ljava/lang/Object; @ 4
Event: 9.389 Thread 0x000000000016f000 Uncommon trap: reason=unreached action=reinterpret pc=0x0000000002478d6c method=java.util.HashMap.put(Ljava/lang/Object;Ljava/lang/Object;)Ljava/lang/Object; @ 77
Event: 9.389 Thread 0x000000000016f000 Uncommon trap: reason=class_check action=maybe_recompile pc=0x00000000024540d4 method=java.util.Collections$UnmodifiableCollection$1.hasNext()Z @ 4
Event: 9.389 Thread 0x000000000016f000 Uncommon trap: reason=class_check action=maybe_recompile pc=0x000000000245dc24 method=java.util.Collections$UnmodifiableCollection$1.next()Ljava/lang/Object; @ 4
Event: 9.563 Thread 0x000000000016f000 Uncommon trap: reason=class_check action=maybe_recompile pc=0x000000000248bbb4 method=java.util.TreeMap.put(Ljava/lang/Object;Ljava/lang/Object;)Ljava/lang/Object; @ 127
Event: 9.563 Thread 0x000000000016f000 Uncommon trap: reason=class_check action=maybe_recompile pc=0x000000000248bbb4 method=java.util.TreeMap.put(Ljava/lang/Object;Ljava/lang/Object;)Ljava/lang/Object; @ 127
Event: 9.563 Thread 0x000000000016f000 Uncommon trap: reason=class_check action=maybe_recompile pc=0x000000000248bbb4 method=java.util.TreeMap.put(Ljava/lang/Object;Ljava/lang/Object;)Ljava/lang/Object; @ 127
Event: 9.563 Thread 0x000000000016f000 Uncommon trap: reason=class_check action=maybe_recompile pc=0x000000000248bbb4 method=java.util.TreeMap.put(Ljava/lang/Object;Ljava/lang/Object;)Ljava/lang/Object; @ 127
Event: 9.682 Thread 0x000000000016f000 Uncommon trap: reason=unloaded action=reinterpret pc=0x0000000002453b48 method=java.lang.CharacterData.of(I)Ljava/lang/CharacterData; @ 96
Event: 10.970 Thread 0x000000000016f000 Uncommon trap: reason=unreached action=reinterpret pc=0x00000000024b49d0 method=java.io.BufferedReader.readLine(Z)Ljava/lang/String; @ 192

Internal exceptions (10 events):
Event: 11.449 Thread 0x000000000016f000 Threw 0x00000000eb134a88 at C:\re\jdk7u60\1081\hotspot\src\share\vm\prims\jvm.cpp:1244
Event: 11.484 Thread 0x000000000016f000 Threw 0x00000000eb14cb78 at C:\re\jdk7u60\1081\hotspot\src\share\vm\prims\jvm.cpp:1244
Event: 11.510 Thread 0x000000000016f000 Threw 0x00000000eb1616c8 at C:\re\jdk7u60\1081\hotspot\src\share\vm\prims\jvm.cpp:1244
Event: 11.512 Thread 0x000000000016f000 Threw 0x00000000eb179f68 at C:\re\jdk7u60\1081\hotspot\src\share\vm\prims\jvm.cpp:1244
Event: 11.515 Thread 0x000000000016f000 Threw 0x00000000eb17e038 at C:\re\jdk7u60\1081\hotspot\src\share\vm\prims\jvm.cpp:1244
Event: 11.516 Thread 0x000000000016f000 Threw 0x00000000eb181ba8 at C:\re\jdk7u60\1081\hotspot\src\share\vm\prims\jvm.cpp:1244
Event: 11.541 Thread 0x000000000016f000 Threw 0x00000000eb1c5f00 at C:\re\jdk7u60\1081\hotspot\src\share\vm\prims\jvm.cpp:1244
Event: 48.012 Thread 0x000000000016f000 Threw 0x00000000eb214d68 at C:\re\jdk7u60\1081\hotspot\src\share\vm\prims\jvm.cpp:1244
Event: 48.013 Thread 0x000000000016f000 Threw 0x00000000eb21c1a8 at C:\re\jdk7u60\1081\hotspot\src\share\vm\prims\jvm.cpp:1244
Event: 48.038 Thread 0x000000000016f000 Threw 0x00000000eb239928 at C:\re\jdk7u60\1081\hotspot\src\share\vm\prims\jvm.cpp:1244

Events (10 events):
Event: 48.036 loading class 0x000000000a5598c0 done
Event: 48.036 loading class 0x000000000a559af0
Event: 48.036 loading class 0x000000000a559af0 done
Event: 48.036 loading class 0x00000000022101f0 done
Event: 48.036 loading class 0x00000000022102c0
Event: 48.036 loading class 0x000000000a55b550
Event: 48.037 loading class 0x000000000a55b550 done
Event: 48.037 loading class 0x00000000022102c0 done
Event: 48.038 loading class 0x000000000adabf10
Event: 48.038 loading class 0x000000000adabf10 done


Dynamic libraries:
0x000000013f980000 - 0x000000013f9b3000 	C:\Java\jdk1.7.0_60\bin\javaw.exe
0x0000000077750000 - 0x00000000778f9000 	C:\Windows\SYSTEM32\ntdll.dll
0x00000000774d0000 - 0x00000000775ef000 	C:\Windows\system32\kernel32.dll
0x000007fefdc80000 - 0x000007fefdcec000 	C:\Windows\system32\KERNELBASE.dll
0x000007fefe310000 - 0x000007fefe3eb000 	C:\Windows\system32\ADVAPI32.dll
0x000007fefe7f0000 - 0x000007fefe88f000 	C:\Windows\system32\msvcrt.dll
0x000007fefe2f0000 - 0x000007fefe30f000 	C:\Windows\SYSTEM32\sechost.dll
0x000007fefdf80000 - 0x000007fefe0ad000 	C:\Windows\system32\RPCRT4.dll
0x00000000773d0000 - 0x00000000774ca000 	C:\Windows\system32\USER32.dll
0x000007fefe6b0000 - 0x000007fefe717000 	C:\Windows\system32\GDI32.dll
0x000007fefe200000 - 0x000007fefe20e000 	C:\Windows\system32\LPK.dll
0x000007fefe130000 - 0x000007fefe1f9000 	C:\Windows\system32\USP10.dll
0x000007fefcc20000 - 0x000007fefce14000 	C:\Windows\WinSxS\amd64_microsoft.windows.common-controls_6595b64144ccf1df_6.0.7601.17514_none_fa396087175ac9ac\COMCTL32.dll
0x000007fefe770000 - 0x000007fefe7e1000 	C:\Windows\system32\SHLWAPI.dll
0x000007fefe680000 - 0x000007fefe6ae000 	C:\Windows\system32\IMM32.DLL
0x000007fefebc0000 - 0x000007fefecc9000 	C:\Windows\system32\MSCTF.dll
0x0000000069690000 - 0x0000000069762000 	C:\Java\jdk1.7.0_60\jre\bin\msvcr100.dll
0x0000000065200000 - 0x00000000659d2000 	C:\Java\jdk1.7.0_60\jre\bin\server\jvm.dll
0x000007fefc570000 - 0x000007fefc579000 	C:\Windows\system32\WSOCK32.dll
0x000007fefe720000 - 0x000007fefe76d000 	C:\Windows\system32\WS2_32.dll
0x000007fefe930000 - 0x000007fefe938000 	C:\Windows\system32\NSI.dll
0x000007fef8f20000 - 0x000007fef8f5b000 	C:\Windows\system32\WINMM.dll
0x0000000077910000 - 0x0000000077917000 	C:\Windows\system32\PSAPI.DLL
0x0000000069680000 - 0x000000006968f000 	C:\Java\jdk1.7.0_60\jre\bin\verify.dll
0x0000000069650000 - 0x0000000069678000 	C:\Java\jdk1.7.0_60\jre\bin\java.dll
0x0000000055e40000 - 0x0000000055e75000 	C:\Java\jdk1.7.0_60\jre\bin\jdwp.dll
0x0000000064b80000 - 0x0000000064b88000 	C:\Java\jdk1.7.0_60\jre\bin\npt.dll
0x0000000069630000 - 0x0000000069645000 	C:\Java\jdk1.7.0_60\jre\bin\zip.dll
0x0000000068d00000 - 0x0000000068d09000 	C:\Java\jdk1.7.0_60\jre\bin\dt_socket.dll
0x000007fefbb60000 - 0x000007fefbb75000 	C:\Windows\system32\NLAapi.dll
0x000007fef73b0000 - 0x000007fef73c5000 	C:\Windows\system32\napinsp.dll
0x000007fef7390000 - 0x000007fef73a9000 	C:\Windows\system32\pnrpnsp.dll
0x000007fefd360000 - 0x000007fefd3b5000 	C:\Windows\System32\mswsock.dll
0x000007fefd1e0000 - 0x000007fefd23b000 	C:\Windows\system32\DNSAPI.dll
0x000007fef7380000 - 0x000007fef738b000 	C:\Windows\System32\winrnr.dll
0x000007fefb9e0000 - 0x000007fefba07000 	C:\Windows\system32\IPHLPAPI.DLL
0x000007fefb9d0000 - 0x000007fefb9db000 	C:\Windows\system32\WINNSI.DLL
0x000007fefb6c0000 - 0x000007fefb713000 	C:\Windows\System32\fwpuclnt.dll
0x000007fef7ad0000 - 0x000007fef7ad8000 	C:\Windows\system32\rasadhlp.dll
0x000007fefcb00000 - 0x000007fefcb07000 	C:\Windows\System32\wshtcpip.dll
0x0000000069610000 - 0x0000000069629000 	C:\Java\jdk1.7.0_60\jre\bin\net.dll
0x000007fefd350000 - 0x000007fefd357000 	C:\Windows\System32\wship6.dll
0x00000000695f0000 - 0x0000000069601000 	C:\Java\jdk1.7.0_60\jre\bin\nio.dll
0x000007fefd3c0000 - 0x000007fefd3d7000 	C:\Windows\system32\CRYPTSP.dll
0x000007fefd0c0000 - 0x000007fefd107000 	C:\Windows\system32\rsaenh.dll
0x000007fefce80000 - 0x000007fefce9e000 	C:\Windows\system32\USERENV.dll
0x000007fefdbb0000 - 0x000007fefdbbf000 	C:\Windows\system32\profapi.dll
0x000007fefdaa0000 - 0x000007fefdaaf000 	C:\Windows\system32\CRYPTBASE.dll
0x000007fefb6a0000 - 0x000007fefb6b8000 	C:\Windows\system32\dhcpcsvc.DLL
0x000007fefb680000 - 0x000007fefb691000 	C:\Windows\system32\dhcpcsvc6.DLL

VM Arguments:
jvm_args: -agentlib:jdwp=transport=dt_socket,suspend=y,address=localhost:52932 -Dfile.encoding=UTF-8 
java_command: com.atom.dalgen.test.DalgenUseMain
Launcher Type: SUN_STANDARD

Environment Variables:
JAVA_HOME=C:\Java\jdk1.7.0_60
PATH=C:\Java\jdk1.7.0_60\jre\bin;C:/Java/jdk1.7.0_60/bin/../jre/bin/server;C:/Java/jdk1.7.0_60/bin/../jre/bin;C:/Java/jdk1.7.0_60/bin/../jre/lib/amd64;C:\Program Files (x86)\Common Files\NetSarang;C:\Windows\system32;C:\Windows;C:\Windows\System32\Wbem;C:\Windows\System32\WindowsPowerShell\v1.0\;C:\Java\jdk1.7.0_60\bin;D:\tools\apache-ant-1.9.4\bin;D:\tools\apache-maven-3.1.1\bin;C:\Program Files\TortoiseSVN\bin;D:\eclipse;
USERNAME=Administrator
OS=Windows_NT
PROCESSOR_IDENTIFIER=Intel64 Family 6 Model 23 Stepping 10, GenuineIntel



---------------  S Y S T E M  ---------------

OS: Windows 7 , 64 bit Build 7601 Service Pack 1

CPU:total 2 (2 cores per cpu, 1 threads per core) family 6 model 23 stepping 10, cmov, cx8, fxsr, mmx, sse, sse2, sse3, ssse3, tsc

Memory: 4k page, physical 4157944k(1656344k free), swap 8314024k(4448136k free)

vm_info: Java HotSpot(TM) 64-Bit Server VM (24.60-b09) for windows-amd64 JRE (1.7.0_60-b19), built on May  7 2014 12:55:18 by "java_re" with unknown MS VC++:1600

time: Tue Nov 11 10:46:21 2014
elapsed time: 48 seconds

