#
# A fatal error has been detected by the Java Runtime Environment:
#
#  EXCEPTION_ACCESS_VIOLATION (0xc0000005) at pc=0x0000000061bdeea6, pid=6048, tid=1508
#
# JRE version: Java(TM) SE Runtime Environment (7.0_60-b19) (build 1.7.0_60-b19)
# Java VM: Java HotSpot(TM) 64-Bit Server VM (24.60-b09 mixed mode windows-amd64 compressed oops)
# Problematic frame:
# V  [jvm.dll+0x3eeea6]
#
# Failed to write core dump. Minidumps are not enabled by default on client versions of Windows
#
# If you would like to submit a bug report, please visit:
#   http://bugreport.sun.com/bugreport/crash.jsp
#

---------------  T H R E A D  ---------------

Current thread (0x00000000080f7800):  JavaThread "C2 CompilerThread1" daemon [_thread_in_native, id=1508, stack(0x0000000009cb0000,0x0000000009db0000)]

siginfo: ExceptionCode=0xc0000005, reading address 0x0000000033780f40

Registers:
RAX=0x000000000a4b3640, RBX=0x000000000a4b4900, RCX=0x000000000a4b3640, RDX=0x000000000a4b3640
RSP=0x0000000009dac4e0, RBP=0x000000000000000f, RSI=0x000000000a4b4570, RDI=0x000000000a4b40d0
R8 =0x000000000000001b, R9 =0x000000000a4b3640, R10=0x00000000081162e8, R11=0x000000000a4b3540
R12=0x000000000000000f, R13=0x0000000008114528, R14=0x0000000009dac5b0, R15=0x000000000a4aefc0
RIP=0x0000000061bdeea6, EFLAGS=0x0000000000010212

Top of Stack: (sp=0x0000000009dac4e0)
0x0000000009dac4e0:   000000000a4b41f0 000000000a4b41c0
0x0000000009dac4f0:   0000000000000035 000000000a4aefc0
0x0000000009dac500:   fffffffffffffe4f 0000000000000035
0x0000000009dac510:   0000000009dac5b0 0000000061bdf723
0x0000000009dac520:   00000000000000d4 000000000a4b3540
0x0000000009dac530:   0000000000000035 00000000080e2a30
0x0000000009dac540:   0000000009daf0e4 0000000061d4efe8
0x0000000009dac550:   0000000009dae9b0 000000000a5ec908
0x0000000009dac560:   0000000000000000 0000000000000001
0x0000000009dac570:   0000000009dac680 0000000061bfac80
0x0000000009dac580:   000000000002a7f8 000000000a4b3000
0x0000000009dac590:   000000000a4b6fa8 0000000009dae9b0
0x0000000009dac5a0:   0000000000000000 0000000000000000
0x0000000009dac5b0:   0000000000000007 0000000009dae9b0
0x0000000009dac5c0:   0000000009dac620 000000000a4b3510
0x0000000009dac5d0:   000000000a4b3000 000000000a4b31b0 

Instructions: (pc=0x0000000061bdeea6)
0x0000000061bdee86:   00 00 e9 f3 00 00 00 45 8b 45 4c 4d 8b 5e 38 4d
0x0000000061bdee96:   8b 4b 08 43 8b 14 81 41 3b d0 74 31 8b ca 8b c2
0x0000000061bdeea6:   41 8b 14 81 3b d1 75 f4 44 3b c2 74 20 66 66 66
0x0000000061bdeeb6:   66 66 0f 1f 84 00 00 00 00 00 49 8b 43 08 41 8b 


Register to memory mapping:

RAX=0x000000000a4b3640 is an unknown value
RBX=0x000000000a4b4900 is an unknown value
RCX=0x000000000a4b3640 is an unknown value
RDX=0x000000000a4b3640 is an unknown value
RSP=0x0000000009dac4e0 is pointing into the stack for thread: 0x00000000080f7800
RBP=0x000000000000000f is an unknown value
RSI=0x000000000a4b4570 is an unknown value
RDI=0x000000000a4b40d0 is an unknown value
R8 =0x000000000000001b is an unknown value
R9 =0x000000000a4b3640 is an unknown value
R10=0x00000000081162e8 is an unknown value
R11=0x000000000a4b3540 is an unknown value
R12=0x000000000000000f is an unknown value
R13=0x0000000008114528 is an unknown value
R14=0x0000000009dac5b0 is pointing into the stack for thread: 0x00000000080f7800
R15=0x000000000a4aefc0 is an unknown value


Stack: [0x0000000009cb0000,0x0000000009db0000],  sp=0x0000000009dac4e0,  free space=1009k
Native frames: (J=compiled Java code, j=interpreted, Vv=VM code, C=native code)
V  [jvm.dll+0x3eeea6]


Current CompileTask:
C2:   4282   96             java.util.HashMap::get (29 bytes)


---------------  P R O C E S S  ---------------

Java Threads: ( => current thread )
  0x00000000080fb800 JavaThread "Service Thread" daemon [_thread_blocked, id=5644, stack(0x0000000009f70000,0x000000000a070000)]
=>0x00000000080f7800 JavaThread "C2 CompilerThread1" daemon [_thread_in_native, id=1508, stack(0x0000000009cb0000,0x0000000009db0000)]
  0x00000000080e3800 JavaThread "C2 CompilerThread0" daemon [_thread_blocked, id=5780, stack(0x0000000009ab0000,0x0000000009bb0000)]
  0x00000000080e1800 JavaThread "JDWP Command Reader" daemon [_thread_in_native, id=5028, stack(0x00000000099b0000,0x0000000009ab0000)]
  0x00000000080d2800 JavaThread "JDWP Event Helper Thread" daemon [_thread_blocked, id=2396, stack(0x00000000096d0000,0x00000000097d0000)]
  0x00000000080ca800 JavaThread "JDWP Transport Listener: dt_socket" daemon [_thread_blocked, id=4584, stack(0x0000000009870000,0x0000000009970000)]
  0x00000000080c1800 JavaThread "Attach Listener" daemon [_thread_blocked, id=716, stack(0x0000000009210000,0x0000000009310000)]
  0x00000000080c0000 JavaThread "Signal Dispatcher" daemon [_thread_blocked, id=5944, stack(0x00000000090a0000,0x00000000091a0000)]
  0x0000000008044800 JavaThread "Finalizer" daemon [_thread_blocked, id=5264, stack(0x0000000008e60000,0x0000000008f60000)]
  0x000000000211d000 JavaThread "Reference Handler" daemon [_thread_blocked, id=5328, stack(0x0000000008cf0000,0x0000000008df0000)]
  0x00000000021ff000 JavaThread "main" [_thread_in_vm, id=2236, stack(0x00000000022a0000,0x00000000023a0000)]

Other Threads:
  0x0000000008042800 VMThread [stack: 0x0000000008bc0000,0x0000000008cc0000] [id=4244]
  0x0000000008105800 WatcherThread [stack: 0x000000000a0b0000,0x000000000a1b0000] [id=5452]

VM state:not at safepoint (normal execution)

VM Mutex/Monitor currently owned by a thread: None

Heap
 PSYoungGen      total 19456K, used 19352K [0x00000000ead00000, 0x00000000ec280000, 0x0000000100000000)
  eden space 16896K, 99% used [0x00000000ead00000,0x00000000ebd66d50,0x00000000ebd80000)
  from space 2560K, 99% used [0x00000000ebd80000,0x00000000ebfff660,0x00000000ec000000)
  to   space 2560K, 0% used [0x00000000ec000000,0x00000000ec000000,0x00000000ec280000)
 ParOldGen       total 43008K, used 1066K [0x00000000c0800000, 0x00000000c3200000, 0x00000000ead00000)
  object space 43008K, 2% used [0x00000000c0800000,0x00000000c090a970,0x00000000c3200000)
 PSPermGen       total 21504K, used 13038K [0x00000000bb600000, 0x00000000bcb00000, 0x00000000c0800000)
  object space 21504K, 60% used [0x00000000bb600000,0x00000000bc2bba00,0x00000000bcb00000)

Card table byte_map: [0x0000000005460000,0x0000000005690000] byte_map_base: 0x0000000004e85000

Polling page: 0x0000000000310000

Code Cache  [0x00000000023a0000, 0x0000000002610000, 0x00000000053a0000)
 total_blobs=427 nmethods=95 adapters=293 free_code_cache=48452Kb largest_free_block=49599040

Compilation events (10 events):
Event: 4.165 Thread 0x00000000080e3800 nmethod 91 0x000000000244c9d0 code [0x000000000244cb20, 0x000000000244cc78]
Event: 4.229 Thread 0x00000000080f7800   92             java.util.Arrays::copyOf (19 bytes)
Event: 4.231 Thread 0x00000000080f7800 nmethod 92 0x00000000024522d0 code [0x0000000002452420, 0x00000000024525b8]
Event: 4.268 Thread 0x00000000080f7800   94             java.lang.Character::toUpperCase (9 bytes)
Event: 4.268 Thread 0x00000000080e3800   93             java.lang.Character::toUpperCase (6 bytes)
Event: 4.269 Thread 0x00000000080e3800 nmethod 93 0x000000000244c610 code [0x000000000244c740, 0x000000000244c818]
Event: 4.269 Thread 0x00000000080e3800   95             java.lang.CharacterDataLatin1::toUpperCase (53 bytes)
Event: 4.269 Thread 0x00000000080f7800 nmethod 94 0x00000000024526d0 code [0x0000000002452820, 0x0000000002452978]
Event: 4.269 Thread 0x00000000080e3800 nmethod 95 0x0000000002452b10 code [0x0000000002452c40, 0x0000000002452d18]
Event: 4.272 Thread 0x00000000080f7800   96             java.util.HashMap::get (29 bytes)

GC Heap History (2 events):
Event: 3.420 GC heap before
{Heap before GC invocations=1 (full 0):
 PSYoungGen      total 19456K, used 16896K [0x00000000ead00000, 0x00000000ec280000, 0x0000000100000000)
  eden space 16896K, 100% used [0x00000000ead00000,0x00000000ebd80000,0x00000000ebd80000)
  from space 2560K, 0% used [0x00000000ec000000,0x00000000ec000000,0x00000000ec280000)
  to   space 2560K, 0% used [0x00000000ebd80000,0x00000000ebd80000,0x00000000ec000000)
 ParOldGen       total 43008K, used 0K [0x00000000c0800000, 0x00000000c3200000, 0x00000000ead00000)
  object space 43008K, 0% used [0x00000000c0800000,0x00000000c0800000,0x00000000c3200000)
 PSPermGen       total 21504K, used 7785K [0x00000000bb600000, 0x00000000bcb00000, 0x00000000c0800000)
  object space 21504K, 36% used [0x00000000bb600000,0x00000000bbd9a6d8,0x00000000bcb00000)
Event: 3.428 GC heap after
Heap after GC invocations=1 (full 0):
 PSYoungGen      total 19456K, used 2557K [0x00000000ead00000, 0x00000000ec280000, 0x0000000100000000)
  eden space 16896K, 0% used [0x00000000ead00000,0x00000000ead00000,0x00000000ebd80000)
  from space 2560K, 99% used [0x00000000ebd80000,0x00000000ebfff660,0x00000000ec000000)
  to   space 2560K, 0% used [0x00000000ec000000,0x00000000ec000000,0x00000000ec280000)
 ParOldGen       total 43008K, used 1066K [0x00000000c0800000, 0x00000000c3200000, 0x00000000ead00000)
  object space 43008K, 2% used [0x00000000c0800000,0x00000000c090a970,0x00000000c3200000)
 PSPermGen       total 21504K, used 7785K [0x00000000bb600000, 0x00000000bcb00000, 0x00000000c0800000)
  object space 21504K, 36% used [0x00000000bb600000,0x00000000bbd9a6d8,0x00000000bcb00000)
}

Deoptimization events (10 events):
Event: 3.987 Thread 0x00000000021ff000 Uncommon trap: reason=class_check action=maybe_recompile pc=0x000000000241ced4 method=java.util.Collections$UnmodifiableCollection$1.hasNext()Z @ 4
Event: 3.987 Thread 0x00000000021ff000 Uncommon trap: reason=class_check action=maybe_recompile pc=0x0000000002424ee4 method=java.util.Collections$UnmodifiableCollection$1.next()Ljava/lang/Object; @ 4
Event: 3.987 Thread 0x00000000021ff000 Uncommon trap: reason=unreached action=reinterpret pc=0x0000000002439078 method=java.util.HashMap.put(Ljava/lang/Object;Ljava/lang/Object;)Ljava/lang/Object; @ 77
Event: 3.987 Thread 0x00000000021ff000 Uncommon trap: reason=class_check action=maybe_recompile pc=0x000000000241ced4 method=java.util.Collections$UnmodifiableCollection$1.hasNext()Z @ 4
Event: 3.987 Thread 0x00000000021ff000 Uncommon trap: reason=class_check action=maybe_recompile pc=0x0000000002424ee4 method=java.util.Collections$UnmodifiableCollection$1.next()Ljava/lang/Object; @ 4
Event: 4.161 Thread 0x00000000021ff000 Uncommon trap: reason=class_check action=maybe_recompile pc=0x00000000024487f8 method=java.util.TreeMap.put(Ljava/lang/Object;Ljava/lang/Object;)Ljava/lang/Object; @ 127
Event: 4.161 Thread 0x00000000021ff000 Uncommon trap: reason=class_check action=maybe_recompile pc=0x00000000024487f8 method=java.util.TreeMap.put(Ljava/lang/Object;Ljava/lang/Object;)Ljava/lang/Object; @ 127
Event: 4.161 Thread 0x00000000021ff000 Uncommon trap: reason=class_check action=maybe_recompile pc=0x00000000024487f8 method=java.util.TreeMap.put(Ljava/lang/Object;Ljava/lang/Object;)Ljava/lang/Object; @ 127
Event: 4.161 Thread 0x00000000021ff000 Uncommon trap: reason=class_check action=maybe_recompile pc=0x00000000024487f8 method=java.util.TreeMap.put(Ljava/lang/Object;Ljava/lang/Object;)Ljava/lang/Object; @ 127
Event: 4.274 Thread 0x00000000021ff000 Uncommon trap: reason=unloaded action=reinterpret pc=0x000000000241cb88 method=java.lang.CharacterData.of(I)Ljava/lang/CharacterData; @ 96

Internal exceptions (10 events):
Event: 4.229 Thread 0x00000000021ff000 Threw 0x00000000ebcd1db8 at C:\re\jdk7u60\1081\hotspot\src\share\vm\prims\jvm.cpp:1244
Event: 4.234 Thread 0x00000000021ff000 Threw 0x00000000ebcda1b0 at C:\re\jdk7u60\1081\hotspot\src\share\vm\prims\jvm.cpp:1244
Event: 4.237 Thread 0x00000000021ff000 Threw 0x00000000ebcfd108 at C:\re\jdk7u60\1081\hotspot\src\share\vm\prims\jvm.cpp:1244
Event: 4.238 Thread 0x00000000021ff000 Threw 0x00000000ebd00ac8 at C:\re\jdk7u60\1081\hotspot\src\share\vm\prims\jvm.cpp:1244
Event: 4.239 Thread 0x00000000021ff000 Threw 0x00000000ebd06470 at C:\re\jdk7u60\1081\hotspot\src\share\vm\prims\jvm.cpp:1244
Event: 4.248 Thread 0x00000000021ff000 Threw 0x00000000ebd12480 at C:\re\jdk7u60\1081\hotspot\src\share\vm\prims\jvm.cpp:1244
Event: 4.258 Thread 0x00000000021ff000 Threw 0x00000000ebd26e60 at C:\re\jdk7u60\1081\hotspot\src\share\vm\prims\jvm.cpp:1244
Event: 4.264 Thread 0x00000000021ff000 Threw 0x00000000ebd31850 at C:\re\jdk7u60\1081\hotspot\src\share\vm\prims\jvm.cpp:1244
Event: 4.266 Thread 0x00000000021ff000 Threw 0x00000000ebd38960 at C:\re\jdk7u60\1081\hotspot\src\share\vm\prims\jvm.cpp:1244
Event: 4.273 Thread 0x00000000021ff000 Threw 0x00000000ebd4ecd0 at C:\re\jdk7u60\1081\hotspot\src\share\vm\prims\jvm.cpp:1244

Events (10 events):
Event: 4.266 loading class 0x000000000a966140 done
Event: 4.273 loading class 0x000000000a745420
Event: 4.273 loading class 0x000000000a745420 done
Event: 4.274 Thread 0x00000000021ff000 Uncommon trap: trap_request=0x0000002d fr.pc=0x000000000241cb88
Event: 4.275 loading class 0x00000000080b4b30
Event: 4.275 loading class 0x00000000080b4b30 done
Event: 4.275 Executing VM operation: Deoptimize
Event: 4.275 Executing VM operation: Deoptimize done
Event: 4.275 Thread 0x00000000021ff000 DEOPT PACKING pc=0x000000000241cb88 sp=0x000000000239ea50
Event: 4.275 Thread 0x00000000021ff000 DEOPT UNPACKING pc=0x00000000023d9064 sp=0x000000000239e9f0 mode 2


Dynamic libraries:
0x000000013f710000 - 0x000000013f743000 	C:\Java\jdk1.7.0_60\bin\javaw.exe
0x0000000077c20000 - 0x0000000077dc9000 	C:\Windows\SYSTEM32\ntdll.dll
0x0000000077680000 - 0x000000007779f000 	C:\Windows\system32\kernel32.dll
0x000007fefe3a0000 - 0x000007fefe40c000 	C:\Windows\system32\KERNELBASE.dll
0x000007feffdb0000 - 0x000007feffe8b000 	C:\Windows\system32\ADVAPI32.dll
0x000007fefeb70000 - 0x000007fefec0f000 	C:\Windows\system32\msvcrt.dll
0x000007fefe460000 - 0x000007fefe47f000 	C:\Windows\SYSTEM32\sechost.dll
0x000007feffc80000 - 0x000007feffdad000 	C:\Windows\system32\RPCRT4.dll
0x00000000777a0000 - 0x000000007789a000 	C:\Windows\system32\USER32.dll
0x000007fefeb00000 - 0x000007fefeb67000 	C:\Windows\system32\GDI32.dll
0x000007fefe480000 - 0x000007fefe48e000 	C:\Windows\system32\LPK.dll
0x000007fefe530000 - 0x000007fefe5f9000 	C:\Windows\system32\USP10.dll
0x000007fefcaa0000 - 0x000007fefcc94000 	C:\Windows\WinSxS\amd64_microsoft.windows.common-controls_6595b64144ccf1df_6.0.7601.17514_none_fa396087175ac9ac\COMCTL32.dll
0x000007fefe490000 - 0x000007fefe501000 	C:\Windows\system32\SHLWAPI.dll
0x000007feffbd0000 - 0x000007feffbfe000 	C:\Windows\system32\IMM32.DLL
0x000007fefe810000 - 0x000007fefe919000 	C:\Windows\system32\MSCTF.dll
0x0000000063630000 - 0x0000000063702000 	C:\Java\jdk1.7.0_60\jre\bin\msvcr100.dll
0x00000000617f0000 - 0x0000000061fc2000 	C:\Java\jdk1.7.0_60\jre\bin\server\jvm.dll
0x000007fefca80000 - 0x000007fefca89000 	C:\Windows\system32\WSOCK32.dll
0x000007feffa00000 - 0x000007feffa4d000 	C:\Windows\system32\WS2_32.dll
0x000007fefe450000 - 0x000007fefe458000 	C:\Windows\system32\NSI.dll
0x000007fef9180000 - 0x000007fef91bb000 	C:\Windows\system32\WINMM.dll
0x0000000077de0000 - 0x0000000077de7000 	C:\Windows\system32\PSAPI.DLL
0x0000000066e80000 - 0x0000000066e8f000 	C:\Java\jdk1.7.0_60\jre\bin\verify.dll
0x0000000064260000 - 0x0000000064288000 	C:\Java\jdk1.7.0_60\jre\bin\java.dll
0x0000000063d30000 - 0x0000000063d65000 	C:\Java\jdk1.7.0_60\jre\bin\jdwp.dll
0x0000000064060000 - 0x0000000064068000 	C:\Java\jdk1.7.0_60\jre\bin\npt.dll
0x0000000065970000 - 0x0000000065985000 	C:\Java\jdk1.7.0_60\jre\bin\zip.dll
0x0000000064050000 - 0x0000000064059000 	C:\Java\jdk1.7.0_60\jre\bin\dt_socket.dll
0x000007fefc130000 - 0x000007fefc145000 	C:\Windows\system32\NLAapi.dll
0x000007fef66d0000 - 0x000007fef66e5000 	C:\Windows\system32\napinsp.dll
0x000007fef66b0000 - 0x000007fef66c9000 	C:\Windows\system32\pnrpnsp.dll
0x000007fefd8b0000 - 0x000007fefd905000 	C:\Windows\System32\mswsock.dll
0x000007fefd730000 - 0x000007fefd78b000 	C:\Windows\system32\DNSAPI.dll
0x000007fef66a0000 - 0x000007fef66ab000 	C:\Windows\System32\winrnr.dll
0x000007fefbfb0000 - 0x000007fefbfd7000 	C:\Windows\system32\IPHLPAPI.DLL
0x000007fefbe10000 - 0x000007fefbe1b000 	C:\Windows\system32\WINNSI.DLL
0x000007fefba40000 - 0x000007fefba93000 	C:\Windows\System32\fwpuclnt.dll
0x000007fef81f0000 - 0x000007fef81f8000 	C:\Windows\system32\rasadhlp.dll
0x000007fefd2b0000 - 0x000007fefd2b7000 	C:\Windows\System32\wshtcpip.dll
0x0000000065950000 - 0x0000000065969000 	C:\Java\jdk1.7.0_60\jre\bin\net.dll
0x000007fefd8a0000 - 0x000007fefd8a7000 	C:\Windows\System32\wship6.dll
0x0000000064240000 - 0x0000000064251000 	C:\Java\jdk1.7.0_60\jre\bin\nio.dll
0x000007fef2f80000 - 0x000007fef30a5000 	C:\Windows\system32\dbghelp.dll

VM Arguments:
jvm_args: -agentlib:jdwp=transport=dt_socket,suspend=y,address=localhost:61845 -Dfile.encoding=UTF-8 
java_command: com.atom.dalgen.test.DalgenUseMain
Launcher Type: SUN_STANDARD

Environment Variables:
JAVA_HOME=C:\Java\jdk1.7.0_60
PATH=C:\Java\jdk1.7.0_60\jre\bin;C:/Java/jdk1.7.0_60/bin/../jre/bin/server;C:/Java/jdk1.7.0_60/bin/../jre/bin;C:/Java/jdk1.7.0_60/bin/../jre/lib/amd64;C:\Program Files (x86)\Common Files\NetSarang;C:\Windows\system32;C:\Windows;C:\Windows\System32\Wbem;C:\Windows\System32\WindowsPowerShell\v1.0\;C:\Java\jdk1.7.0_60\bin;D:\tools\apache-ant-1.9.4\bin;D:\tools\apache-maven-3.1.1\bin;C:\Program Files\TortoiseSVN\bin;D:\eclipse;
USERNAME=Administrator
OS=Windows_NT
PROCESSOR_IDENTIFIER=Intel64 Family 6 Model 23 Stepping 10, GenuineIntel



---------------  S Y S T E M  ---------------

OS: Windows 7 , 64 bit Build 7601 Service Pack 1

CPU:total 2 (2 cores per cpu, 1 threads per core) family 6 model 23 stepping 10, cmov, cx8, fxsr, mmx, sse, sse2, sse3, ssse3, tsc

Memory: 4k page, physical 4157944k(1226296k free), swap 8314024k(4334456k free)

vm_info: Java HotSpot(TM) 64-Bit Server VM (24.60-b09) for windows-amd64 JRE (1.7.0_60-b19), built on May  7 2014 12:55:18 by "java_re" with unknown MS VC++:1600

time: Mon Nov 10 13:36:16 2014
elapsed time: 4 seconds

